[0819/144115.898:ERROR:process_memory_win.cc(73)] ReadMemory at 0x7ff6f9300000 of 64 bytes failed: Only part of a ReadProcessMemory or WriteProcessMemory request was completed. (0x12B)
[0819/144115.899:WARNING:pe_image_reader.cc(340)] could not read dos header from C:\Program Files (x86)\Google\Chrome\Application\chrome.exe
[0819/144115.899:ERROR:process_memory_win.cc(73)] ReadMemory at 0x296e044fbd0 of 72 bytes failed: Only part of a ReadProcessMemory or WriteProcessMemory request was completed. (0x12B)
[0819/144115.899:WARNING:pe_image_annotations_reader.cc(134)] could not read annotations list object in C:\Program Files (x86)\Google\Chrome\Application\84.0.4147.125\chrome_elf.dll
[0819/144115.899:ERROR:process_memory_win.cc(73)] ReadMemory at 0x7ff8d3510000 of 64 bytes failed: Only part of a ReadProcessMemory or WriteProcessMemory request was completed. (0x12B)
[0819/144115.899:WARNING:pe_image_reader.cc(340)] could not read dos header from C:\Program Files (x86)\Google\Chrome\Application\84.0.4147.125\chrome.dll
[0819/144115.901:ERROR:process_memory_win.cc(73)] ReadMemory at 0x7ff962f80000 of 64 bytes failed: Only part of a ReadProcessMemory or WriteProcessMemory request was completed. (0x12B)
[0819/144115.901:WARNING:pe_image_reader.cc(340)] could not read dos header from C:\WINDOWS\SYSTEM32\CRYPTBASE.DLL
[0819/144115.901:ERROR:process_memory_win.cc(73)] ReadMemory at 0x7ff6f9300000 of 64 bytes failed: Only part of a ReadProcessMemory or WriteProcessMemory request was completed. (0x12B)
[0819/144115.901:WARNING:pe_image_reader.cc(340)] could not read dos header from C:\Program Files (x86)\Google\Chrome\Application\chrome.exe
[0819/144115.901:ERROR:process_memory_win.cc(73)] ReadMemory at 0x7ff91be70000 of 64 bytes failed: Only part of a ReadProcessMemory or WriteProcessMemory request was completed. (0x12B)
[0819/144115.901:WARNING:pe_image_reader.cc(340)] could not read dos header from C:\Program Files (x86)\Google\Chrome\Application\84.0.4147.125\chrome_elf.dll
[0819/144115.901:ERROR:process_memory_win.cc(73)] ReadMemory at 0x7ff95c740000 of 64 bytes failed: Only part of a ReadProcessMemory or WriteProcessMemory request was completed. (0x12B)
[0819/144115.901:WARNING:pe_image_reader.cc(340)] could not read dos header from C:\WINDOWS\SYSTEM32\VERSION.dll
[0819/144115.901:ERROR:process_memory_win.cc(73)] ReadMemory at 0x7ff8d3510000 of 64 bytes failed: Only part of a ReadProcessMemory or WriteProcessMemory request was completed. (0x12B)
[0819/144115.901:WARNING:pe_image_reader.cc(340)] could not read dos header from C:\Program Files (x86)\Google\Chrome\Application\84.0.4147.125\chrome.dll
[0819/144115.901:ERROR:process_memory_win.cc(73)] ReadMemory at 0x7ff964060000 of 64 bytes failed: Only part of a ReadProcessMemory or WriteProcessMemory request was completed. (0x12B)
[0819/144115.901:WARNING:pe_image_reader.cc(340)] could not read dos header from C:\WINDOWS\System32\msvcp_win.dll
[0819/144115.901:ERROR:process_memory_win.cc(73)] ReadMemory at 0x7ff9642c0000 of 64 bytes failed: Only part of a ReadProcessMemory or WriteProcessMemory request was completed. (0x12B)
[0819/144115.901:WARNING:pe_image_reader.cc(340)] could not read dos header from C:\WINDOWS\System32\ucrtbase.dll
[0819/144115.901:ERROR:process_memory_win.cc(73)] ReadMemory at 0x7ff9643f0000 of 64 bytes failed: Only part of a ReadProcessMemory or WriteProcessMemory request was completed. (0x12B)
[0819/144115.901:WARNING:pe_image_reader.cc(340)] could not read dos header from C:\WINDOWS\System32\WINTRUST.dll
[0819/144115.902:ERROR:process_memory_win.cc(73)] ReadMemory at 0x7ff9635e0000 of 64 bytes failed: Only part of a ReadProcessMemory or WriteProcessMemory request was completed. (0x12B)
[0819/144115.902:WARNING:pe_image_reader.cc(340)] could not read dos header from C:\WINDOWS\System32\MSASN1.dll
[0819/144115.902:ERROR:process_memory_win.cc(73)] ReadMemory at 0x7ff964600000 of 64 bytes failed: Only part of a ReadProcessMemory or WriteProcessMemory request was completed. (0x12B)
[0819/144115.902:WARNING:pe_image_reader.cc(340)] could not read dos header from C:\WINDOWS\System32\CRYPT32.dll
[0819/144115.902:ERROR:process_memory_win.cc(73)] ReadMemory at 0x7ff962a60000 of 64 bytes failed: Only part of a ReadProcessMemory or WriteProcessMemory request was completed. (0x12B)
[0819/144115.902:WARNING:pe_image_reader.cc(340)] could not read dos header from C:\WINDOWS\SYSTEM32\IPHLPAPI.DLL
[0819/144115.902:ERROR:process_memory_win.cc(73)] ReadMemory at 0x7ff958f10000 of 64 bytes failed: Only part of a ReadProcessMemory or WriteProcessMemory request was completed. (0x12B)
[0819/144115.902:WARNING:pe_image_reader.cc(340)] could not read dos header from C:\WINDOWS\SYSTEM32\WINMM.dll
[0819/144115.902:ERROR:process_memory_win.cc(73)] ReadMemory at 0x7ff957d70000 of 64 bytes failed: Only part of a ReadProcessMemory or WriteProcessMemory request was completed. (0x12B)
[0819/144115.902:WARNING:pe_image_reader.cc(340)] could not read dos header from C:\WINDOWS\SYSTEM32\Secur32.dll
[0819/144115.902:ERROR:process_memory_win.cc(73)] ReadMemory at 0x7ff963470000 of 64 bytes failed: Only part of a ReadProcessMemory or WriteProcessMemory request was completed. (0x12B)
[0819/144115.902:WARNING:pe_image_reader.cc(340)] could not read dos header from C:\WINDOWS\SYSTEM32\USERENV.dll
[0819/144115.902:ERROR:process_memory_win.cc(73)] ReadMemory at 0x7ff963560000 of 64 bytes failed: Only part of a ReadProcessMemory or WriteProcessMemory request was completed. (0x12B)
[0819/144115.902:WARNING:pe_image_reader.cc(340)] could not read dos header from C:\WINDOWS\System32\profapi.dll
[0819/144115.902:ERROR:process_memory_win.cc(73)] ReadMemory at 0x7ff92a560000 of 64 bytes failed: Only part of a ReadProcessMemory or WriteProcessMemory request was completed. (0x12B)
[0819/144115.902:WARNING:pe_image_reader.cc(340)] could not read dos header from C:\WINDOWS\SYSTEM32\UIAutomationCore.DLL
[0819/144115.902:ERROR:process_memory_win.cc(73)] ReadMemory at 0x7ff934e80000 of 64 bytes failed: Only part of a ReadProcessMemory or WriteProcessMemory request was completed. (0x12B)
[0819/144115.902:WARNING:pe_image_reader.cc(340)] could not read dos header from C:\WINDOWS\SYSTEM32\DWrite.dll
[0819/144115.902:ERROR:process_memory_win.cc(73)] ReadMemory at 0x7ff955180000 of 64 bytes failed: Only part of a ReadProcessMemory or WriteProcessMemory request was completed. (0x12B)
[0819/144115.902:WARNING:pe_image_reader.cc(340)] could not read dos header from C:\WINDOWS\SYSTEM32\WINSPOOL.DRV
[0819/144115.902:ERROR:process_memory_win.cc(73)] ReadMemory at 0x7ff963600000 of 64 bytes failed: Only part of a ReadProcessMemory or WriteProcessMemory request was completed. (0x12B)
[0819/144115.902:WARNING:pe_image_reader.cc(340)] could not read dos header from C:\WINDOWS\System32\kernel.appcore.dll
[0819/144115.903:ERROR:process_memory_win.cc(73)] ReadMemory at 0x7ff9643c0000 of 64 bytes failed: Only part of a ReadProcessMemory or WriteProcessMemory request was completed. (0x12B)
[0819/144115.903:WARNING:pe_image_reader.cc(340)] could not read dos header from C:\WINDOWS\System32\bcrypt.dll
[0819/144115.903:ERROR:process_memory_win.cc(73)] ReadMemory at 0x7ff961eb0000 of 64 bytes failed: Only part of a ReadProcessMemory or WriteProcessMemory request was completed. (0x12B)
[0819/144115.903:WARNING:pe_image_reader.cc(340)] could not read dos header from C:\WINDOWS\SYSTEM32\dbghelp.dll
[0819/144115.903:ERROR:process_memory_win.cc(73)] ReadMemory at 0x7ff95f520000 of 64 bytes failed: Only part of a ReadProcessMemory or WriteProcessMemory request was completed. (0x12B)
[0819/144115.903:WARNING:pe_image_reader.cc(340)] could not read dos header from C:\WINDOWS\SYSTEM32\WINHTTP.dll
[0819/144115.903:ERROR:process_memory_win.cc(73)] ReadMemory at 0x7ff95db30000 of 64 bytes failed: Only part of a ReadProcessMemory or WriteProcessMemory request was completed. (0x12B)
[0819/144115.903:WARNING:pe_image_reader.cc(340)] could not read dos header from C:\WINDOWS\SYSTEM32\dhcpcsvc.DLL
[0819/144115.903:ERROR:process_memory_win.cc(73)] ReadMemory at 0x7ff966420000 of 64 bytes failed: Only part of a ReadProcessMemory or WriteProcessMemory request was completed. (0x12B)
[0819/144115.903:WARNING:pe_image_reader.cc(340)] could not read dos header from C:\WINDOWS\System32\NSI.dll
[0819/144115.903:ERROR:process_memory_win.cc(73)] ReadMemory at 0x7ff958cc0000 of 64 bytes failed: Only part of a ReadProcessMemory or WriteProcessMemory request was completed. (0x12B)
[0819/144115.903:WARNING:pe_image_reader.cc(340)] could not read dos header from C:\WINDOWS\SYSTEM32\WINMMBASE.dll
[0819/144115.903:ERROR:process_memory_win.cc(73)] ReadMemory at 0x7ff964530000 of 64 bytes failed: Only part of a ReadProcessMemory or WriteProcessMemory request was completed. (0x12B)
[0819/144115.903:WARNING:pe_image_reader.cc(340)] could not read dos header from C:\WINDOWS\System32\cfgmgr32.dll
[0819/144115.903:ERROR:process_memory_win.cc(73)] ReadMemory at 0x7ff961c40000 of 64 bytes failed: Only part of a ReadProcessMemory or WriteProcessMemory request was completed. (0x12B)
[0819/144115.903:WARNING:pe_image_reader.cc(340)] could not read dos header from C:\WINDOWS\SYSTEM32\PROPSYS.dll
[0819/144115.903:ERROR:process_memory_win.cc(73)] ReadMemory at 0x7ff966370000 of 64 bytes failed: Only part of a ReadProcessMemory or WriteProcessMemory request was completed. (0x12B)
[0819/144115.903:WARNING:pe_image_reader.cc(340)] could not read dos header from C:\WINDOWS\System32\shcore.dll
[0819/144115.903:ERROR:process_memory_win.cc(73)] ReadMemory at 0x7ff963440000 of 64 bytes failed: Only part of a ReadProcessMemory or WriteProcessMemory request was completed. (0x12B)
[0819/144115.903:WARNING:pe_image_reader.cc(340)] could not read dos header from C:\WINDOWS\SYSTEM32\SSPICLI.DLL
[0819/144115.903:ERROR:process_memory_win.cc(73)] ReadMemory at 0x7ff964ce0000 of 64 bytes failed: Only part of a ReadProcessMemory or WriteProcessMemory request was completed. (0x12B)
[0819/144115.903:WARNING:pe_image_reader.cc(340)] could not read dos header from C:\WINDOWS\System32\SHELL32.dll
[0819/144115.904:ERROR:process_memory_win.cc(73)] ReadMemory at 0x7ff963620000 of 64 bytes failed: Only part of a ReadProcessMemory or WriteProcessMemory request was completed. (0x12B)
[0819/144115.904:WARNING:pe_image_reader.cc(340)] could not read dos header from C:\WINDOWS\System32\windows.storage.dll
[0819/144115.904:ERROR:process_memory_win.cc(73)] ReadMemory at 0x7ff963590000 of 64 bytes failed: Only part of a ReadProcessMemory or WriteProcessMemory request was completed. (0x12B)
[0819/144115.904:WARNING:pe_image_reader.cc(340)] could not read dos header from C:\WINDOWS\System32\powrprof.dll
[0819/144115.904:ERROR:process_memory_win.cc(73)] ReadMemory at 0x7ff963550000 of 64 bytes failed: Only part of a ReadProcessMemory or WriteProcessMemory request was completed. (0x12B)
[0819/144115.904:WARNING:pe_image_reader.cc(340)] could not read dos header from C:\WINDOWS\System32\UMPDC.dll
[0819/144115.904:ERROR:process_memory_win.cc(73)] ReadMemory at 0x7ff964c20000 of 64 bytes failed: Only part of a ReadProcessMemory or WriteProcessMemory request was completed. (0x12B)
[0819/144115.904:WARNING:pe_image_reader.cc(340)] could not read dos header from C:\WINDOWS\System32\shlwapi.dll
[0819/144115.904:ERROR:process_memory_win.cc(73)] ReadMemory at 0x7ff966430000 of 64 bytes failed: Only part of a ReadProcessMemory or WriteProcessMemory request was completed. (0x12B)
[0819/144115.904:WARNING:pe_image_reader.cc(340)] could not read dos header from C:\WINDOWS\System32\GDI32.dll
[0819/144115.904:ERROR:process_memory_win.cc(73)] ReadMemory at 0x7ff964500000 of 64 bytes failed: Only part of a ReadProcessMemory or WriteProcessMemory request was completed. (0x12B)
[0819/144115.904:WARNING:pe_image_reader.cc(340)] could not read dos header from C:\WINDOWS\System32\win32u.dll
[0819/144115.904:ERROR:process_memory_win.cc(73)] ReadMemory at 0x7ff964120000 of 64 bytes failed: Only part of a ReadProcessMemory or WriteProcessMemory request was completed. (0x12B)
[0819/144115.904:WARNING:pe_image_reader.cc(340)] could not read dos header from C:\WINDOWS\System32\gdi32full.dll
[0819/144115.904:ERROR:process_memory_win.cc(73)] ReadMemory at 0x7ff965640000 of 64 bytes failed: Only part of a ReadProcessMemory or WriteProcessMemory request was completed. (0x12B)
[0819/144115.904:WARNING:pe_image_reader.cc(340)] could not read dos header from C:\WINDOWS\System32\USER32.dll
[0819/144115.904:ERROR:process_memory_win.cc(73)] ReadMemory at 0x7ff964100000 of 64 bytes failed: Only part of a ReadProcessMemory or WriteProcessMemory request was completed. (0x12B)
[0819/144115.904:WARNING:pe_image_reader.cc(340)] could not read dos header from C:\WINDOWS\System32\cryptsp.dll
[0819/144115.904:ERROR:process_memory_win.cc(73)] ReadMemory at 0x7ff9664d0000 of 64 bytes failed: Only part of a ReadProcessMemory or WriteProcessMemory request was completed. (0x12B)
[0819/144115.904:WARNING:pe_image_reader.cc(340)] could not read dos header from C:\WINDOWS\System32\IMM32.DLL
[0819/144115.904:ERROR:process_memory_win.cc(73)] ReadMemory at 0x7ff962f80000 of 64 bytes failed: Only part of a ReadProcessMemory or WriteProcessMemory request was completed. (0x12B)
[0819/144115.904:WARNING:pe_image_reader.cc(340)] could not read dos header from C:\WINDOWS\SYSTEM32\CRYPTBASE.DLL
[0819/144115.920:ERROR:process_memory_win.cc(73)] ReadMemory at 0xe43abf5000 of 45056 bytes failed: Only part of a ReadProcessMemory or WriteProcessMemory request was completed. (0x12B)
[0819/144115.920:ERROR:process_memory_win.cc(73)] ReadMemory at 0xe43b3fd000 of 12288 bytes failed: Only part of a ReadProcessMemory or WriteProcessMemory request was completed. (0x12B)
[0819/144115.921:ERROR:process_memory_win.cc(73)] ReadMemory at 0xe43bbfd000 of 12288 bytes failed: Only part of a ReadProcessMemory or WriteProcessMemory request was completed. (0x12B)
[0819/144115.921:ERROR:process_memory_win.cc(73)] ReadMemory at 0xe43c3fd000 of 12288 bytes failed: Only part of a ReadProcessMemory or WriteProcessMemory request was completed. (0x12B)
[0819/144115.921:ERROR:process_memory_win.cc(73)] ReadMemory at 0xe43cbfb000 of 20480 bytes failed: Only part of a ReadProcessMemory or WriteProcessMemory request was completed. (0x12B)
[0819/144115.921:ERROR:process_memory_win.cc(73)] ReadMemory at 0xe43d3fe000 of 8192 bytes failed: Only part of a ReadProcessMemory or WriteProcessMemory request was completed. (0x12B)
[0819/144115.921:ERROR:process_memory_win.cc(73)] ReadMemory at 0xe43dbfd000 of 12288 bytes failed: Only part of a ReadProcessMemory or WriteProcessMemory request was completed. (0x12B)
[0819/144115.921:ERROR:process_memory_win.cc(73)] ReadMemory at 0xe43e3fb000 of 20480 bytes failed: Only part of a ReadProcessMemory or WriteProcessMemory request was completed. (0x12B)
[0819/144115.921:ERROR:process_memory_win.cc(73)] ReadMemory at 0xe43ebfd000 of 12288 bytes failed: Only part of a ReadProcessMemory or WriteProcessMemory request was completed. (0x12B)
[0819/144115.921:ERROR:process_memory_win.cc(73)] ReadMemory at 0xe43f3fd000 of 12288 bytes failed: Only part of a ReadProcessMemory or WriteProcessMemory request was completed. (0x12B)
[0819/144115.921:ERROR:process_memory_win.cc(73)] ReadMemory at 0xe43fbfd000 of 12288 bytes failed: Only part of a ReadProcessMemory or WriteProcessMemory request was completed. (0x12B)
[0819/144115.921:ERROR:process_memory_win.cc(73)] ReadMemory at 0xe4403fd000 of 12288 bytes failed: Only part of a ReadProcessMemory or WriteProcessMemory request was completed. (0x12B)
[0819/144115.921:ERROR:process_memory_win.cc(73)] ReadMemory at 0xe440bfd000 of 12288 bytes failed: Only part of a ReadProcessMemory or WriteProcessMemory request was completed. (0x12B)
[0819/144115.922:ERROR:process_memory_win.cc(73)] ReadMemory at 0xe4413fc000 of 16384 bytes failed: Only part of a ReadProcessMemory or WriteProcessMemory request was completed. (0x12B)
[0819/144115.922:ERROR:process_memory_win.cc(73)] ReadMemory at 0xe441bfd000 of 12288 bytes failed: Only part of a ReadProcessMemory or WriteProcessMemory request was completed. (0x12B)
[0819/144115.922:ERROR:process_memory_win.cc(73)] ReadMemory at 0xe43a382000 of 852 bytes failed: Only part of a ReadProcessMemory or WriteProcessMemory request was completed. (0x12B)
[0819/144115.922:ERROR:process_memory_win.cc(73)] ReadMemory at 0xe43a383000 of 6024 bytes failed: Only part of a ReadProcessMemory or WriteProcessMemory request was completed. (0x12B)
[0819/144115.922:ERROR:process_memory_win.cc(73)] ReadMemory at 0xe43a385000 of 6024 bytes failed: Only part of a ReadProcessMemory or WriteProcessMemory request was completed. (0x12B)
[0819/144115.922:ERROR:process_memory_win.cc(73)] ReadMemory at 0xe43a387000 of 6024 bytes failed: Only part of a ReadProcessMemory or WriteProcessMemory request was completed. (0x12B)
[0819/144115.922:ERROR:process_memory_win.cc(73)] ReadMemory at 0xe43a389000 of 6024 bytes failed: Only part of a ReadProcessMemory or WriteProcessMemory request was completed. (0x12B)
[0819/144115.922:ERROR:process_memory_win.cc(73)] ReadMemory at 0xe43a38b000 of 6024 bytes failed: Only part of a ReadProcessMemory or WriteProcessMemory request was completed. (0x12B)
[0819/144115.922:ERROR:process_memory_win.cc(73)] ReadMemory at 0xe43a38d000 of 6024 bytes failed: Only part of a ReadProcessMemory or WriteProcessMemory request was completed. (0x12B)
[0819/144115.922:ERROR:process_memory_win.cc(73)] ReadMemory at 0xe43a38f000 of 6024 bytes failed: Only part of a ReadProcessMemory or WriteProcessMemory request was completed. (0x12B)
[0819/144115.922:ERROR:process_memory_win.cc(73)] ReadMemory at 0xe43a391000 of 6024 bytes failed: Only part of a ReadProcessMemory or WriteProcessMemory request was completed. (0x12B)
[0819/144115.922:ERROR:process_memory_win.cc(73)] ReadMemory at 0xe43a393000 of 6024 bytes failed: Only part of a ReadProcessMemory or WriteProcessMemory request was completed. (0x12B)
[0819/144115.923:ERROR:process_memory_win.cc(73)] ReadMemory at 0xe43a395000 of 6024 bytes failed: Only part of a ReadProcessMemory or WriteProcessMemory request was completed. (0x12B)
[0819/144115.923:ERROR:process_memory_win.cc(73)] ReadMemory at 0xe43a397000 of 6024 bytes failed: Only part of a ReadProcessMemory or WriteProcessMemory request was completed. (0x12B)
[0819/144115.923:ERROR:process_memory_win.cc(73)] ReadMemory at 0xe43a399000 of 6024 bytes failed: Only part of a ReadProcessMemory or WriteProcessMemory request was completed. (0x12B)
[0819/144115.923:ERROR:process_memory_win.cc(73)] ReadMemory at 0xe43a39b000 of 6024 bytes failed: Only part of a ReadProcessMemory or WriteProcessMemory request was completed. (0x12B)
[0819/144115.923:ERROR:process_memory_win.cc(73)] ReadMemory at 0xe43a39d000 of 6024 bytes failed: Only part of a ReadProcessMemory or WriteProcessMemory request was completed. (0x12B)
[0819/144115.923:ERROR:process_memory_win.cc(73)] ReadMemory at 0xe43a39f000 of 6024 bytes failed: Only part of a ReadProcessMemory or WriteProcessMemory request was completed. (0x12B)
[0819/144115.923:ERROR:process_memory_win.cc(73)] ReadMemory at 0x296e0440000 of 384 bytes failed: Only part of a ReadProcessMemory or WriteProcessMemory request was completed. (0x12B)
[0819/144115.923:ERROR:process_memory_win.cc(73)] ReadMemory at 0x296e0440fe0 of 6088 bytes failed: Only part of a ReadProcessMemory or WriteProcessMemory request was completed. (0x12B)
[0819/144115.923:ERROR:process_memory_win.cc(73)] ReadMemory at 0x296e04427b0 of 1012 bytes failed: Only part of a ReadProcessMemory or WriteProcessMemory request was completed. (0x12B)
[0819/144115.923:ERROR:process_memory_win.cc(73)] ReadMemory at 0x296e0442df8 of 118 bytes failed: Only part of a ReadProcessMemory or WriteProcessMemory request was completed. (0x12B)
[0819/144115.923:ERROR:process_memory_win.cc(73)] ReadMemory at 0x296e0442e70 of 1178 bytes failed: Only part of a ReadProcessMemory or WriteProcessMemory request was completed. (0x12B)
[0819/144115.924:ERROR:process_memory_win.cc(73)] ReadMemory at 0x296e044330c of 118 bytes failed: Only part of a ReadProcessMemory or WriteProcessMemory request was completed. (0x12B)
[0819/144115.924:ERROR:process_memory_win.cc(73)] ReadMemory at 0x296e0443384 of 100 bytes failed: Only part of a ReadProcessMemory or WriteProcessMemory request was completed. (0x12B)
[0819/144115.924:ERROR:process_memory_win.cc(73)] ReadMemory at 0x296e0443400 of 58 bytes failed: Only part of a ReadProcessMemory or WriteProcessMemory request was completed. (0x12B)
[0819/144115.924:ERROR:process_memory_win.cc(73)] ReadMemory at 0x296e0443500 of 132 bytes failed: Only part of a ReadProcessMemory or WriteProcessMemory request was completed. (0x12B)
[0819/144115.924:ERROR:process_memory_win.cc(73)] ReadMemory at 0x296e0443690 of 132 bytes failed: Only part of a ReadProcessMemory or WriteProcessMemory request was completed. (0x12B)
[0819/144115.924:ERROR:process_memory_win.cc(73)] ReadMemory at 0x296e0443850 of 126 bytes failed: Only part of a ReadProcessMemory or WriteProcessMemory request was completed. (0x12B)
[0819/144115.924:ERROR:process_memory_win.cc(73)] ReadMemory at 0x296e0443c30 of 132 bytes failed: Only part of a ReadProcessMemory or WriteProcessMemory request was completed. (0x12B)
[0819/144115.924:ERROR:process_memory_win.cc(73)] ReadMemory at 0x296e0443dc0 of 64 bytes failed: Only part of a ReadProcessMemory or WriteProcessMemory request was completed. (0x12B)
[0819/144115.924:ERROR:process_memory_win.cc(73)] ReadMemory at 0x296e0443f80 of 132 bytes failed: Only part of a ReadProcessMemory or WriteProcessMemory request was completed. (0x12B)
[0819/144115.924:ERROR:process_memory_win.cc(73)] ReadMemory at 0x296e0444220 of 132 bytes failed: Only part of a ReadProcessMemory or WriteProcessMemory request was completed. (0x12B)
[0819/144115.924:ERROR:process_memory_win.cc(73)] ReadMemory at 0x296e04443b0 of 68 bytes failed: Only part of a ReadProcessMemory or WriteProcessMemory request was completed. (0x12B)
[0819/144115.924:ERROR:process_memory_win.cc(73)] ReadMemory at 0x296e0445560 of 132 bytes failed: Only part of a ReadProcessMemory or WriteProcessMemory request was completed. (0x12B)
[0819/144115.925:ERROR:process_memory_win.cc(73)] ReadMemory at 0x296e04456f0 of 154 bytes failed: Only part of a ReadProcessMemory or WriteProcessMemory request was completed. (0x12B)
[0819/144115.925:ERROR:process_memory_win.cc(73)] ReadMemory at 0x296e04479b0 of 62 bytes failed: Only part of a ReadProcessMemory or WriteProcessMemory request was completed. (0x12B)
[0819/144115.925:ERROR:process_memory_win.cc(73)] ReadMemory at 0x296e0447b10 of 132 bytes failed: Only part of a ReadProcessMemory or WriteProcessMemory request was completed. (0x12B)
[0819/144115.925:ERROR:process_memory_win.cc(73)] ReadMemory at 0x296e0447ca0 of 60 bytes failed: Only part of a ReadProcessMemory or WriteProcessMemory request was completed. (0x12B)
[0819/144115.925:ERROR:process_memory_win.cc(73)] ReadMemory at 0x296e044f040 of 54 bytes failed: Only part of a ReadProcessMemory or WriteProcessMemory request was completed. (0x12B)
[0819/144115.925:ERROR:process_memory_win.cc(73)] ReadMemory at 0x296e04525b0 of 80 bytes failed: Only part of a ReadProcessMemory or WriteProcessMemory request was completed. (0x12B)
[0819/144115.925:ERROR:process_memory_win.cc(73)] ReadMemory at 0x296e0454ce0 of 132 bytes failed: Only part of a ReadProcessMemory or WriteProcessMemory request was completed. (0x12B)
[0819/144115.925:ERROR:process_memory_win.cc(73)] ReadMemory at 0x296e0454f00 of 132 bytes failed: Only part of a ReadProcessMemory or WriteProcessMemory request was completed. (0x12B)
[0819/144115.925:ERROR:process_memory_win.cc(73)] ReadMemory at 0x296e0455380 of 132 bytes failed: Only part of a ReadProcessMemory or WriteProcessMemory request was completed. (0x12B)
[0819/144115.925:ERROR:process_memory_win.cc(73)] ReadMemory at 0x296e04554b0 of 132 bytes failed: Only part of a ReadProcessMemory or WriteProcessMemory request was completed. (0x12B)
[0819/144115.925:ERROR:process_memory_win.cc(73)] ReadMemory at 0x296e0456040 of 132 bytes failed: Only part of a ReadProcessMemory or WriteProcessMemory request was completed. (0x12B)
[0819/144115.926:ERROR:process_memory_win.cc(73)] ReadMemory at 0x296e0456170 of 146 bytes failed: Only part of a ReadProcessMemory or WriteProcessMemory request was completed. (0x12B)
[0819/144115.926:ERROR:process_memory_win.cc(73)] ReadMemory at 0x296e0456270 of 132 bytes failed: Only part of a ReadProcessMemory or WriteProcessMemory request was completed. (0x12B)
[0819/144115.926:ERROR:process_memory_win.cc(73)] ReadMemory at 0x296e04563f0 of 132 bytes failed: Only part of a ReadProcessMemory or WriteProcessMemory request was completed. (0x12B)
[0819/144115.926:ERROR:process_memory_win.cc(73)] ReadMemory at 0x296e0456520 of 132 bytes failed: Only part of a ReadProcessMemory or WriteProcessMemory request was completed. (0x12B)
[0819/144115.926:ERROR:process_memory_win.cc(73)] ReadMemory at 0x296e0456650 of 132 bytes failed: Only part of a ReadProcessMemory or WriteProcessMemory request was completed. (0x12B)
[0819/144115.926:ERROR:process_memory_win.cc(73)] ReadMemory at 0x296e0456780 of 132 bytes failed: Only part of a ReadProcessMemory or WriteProcessMemory request was completed. (0x12B)
[0819/144115.926:ERROR:process_memory_win.cc(73)] ReadMemory at 0x296e04568b0 of 132 bytes failed: Only part of a ReadProcessMemory or WriteProcessMemory request was completed. (0x12B)
[0819/144115.926:ERROR:process_memory_win.cc(73)] ReadMemory at 0x296e04569e0 of 132 bytes failed: Only part of a ReadProcessMemory or WriteProcessMemory request was completed. (0x12B)
[0819/144115.926:ERROR:process_memory_win.cc(73)] ReadMemory at 0x296e0456b10 of 132 bytes failed: Only part of a ReadProcessMemory or WriteProcessMemory request was completed. (0x12B)
[0819/144115.926:ERROR:process_memory_win.cc(73)] ReadMemory at 0x296e0456c40 of 132 bytes failed: Only part of a ReadProcessMemory or WriteProcessMemory request was completed. (0x12B)
[0819/144115.927:ERROR:process_memory_win.cc(73)] ReadMemory at 0x296e0456ea0 of 132 bytes failed: Only part of a ReadProcessMemory or WriteProcessMemory request was completed. (0x12B)
[0819/144115.927:ERROR:process_memory_win.cc(73)] ReadMemory at 0x296e0456fd0 of 132 bytes failed: Only part of a ReadProcessMemory or WriteProcessMemory request was completed. (0x12B)
[0819/144115.927:ERROR:process_memory_win.cc(73)] ReadMemory at 0x296e0457100 of 132 bytes failed: Only part of a ReadProcessMemory or WriteProcessMemory request was completed. (0x12B)
[0819/144115.927:ERROR:process_memory_win.cc(73)] ReadMemory at 0x296e0457230 of 132 bytes failed: Only part of a ReadProcessMemory or WriteProcessMemory request was completed. (0x12B)
[0819/144115.927:ERROR:process_memory_win.cc(73)] ReadMemory at 0x296e045a1a0 of 132 bytes failed: Only part of a ReadProcessMemory or WriteProcessMemory request was completed. (0x12B)
[0819/144115.927:ERROR:process_memory_win.cc(73)] ReadMemory at 0x296e045a690 of 132 bytes failed: Only part of a ReadProcessMemory or WriteProcessMemory request was completed. (0x12B)
[0819/144115.927:ERROR:process_memory_win.cc(73)] ReadMemory at 0x296e045a8a0 of 132 bytes failed: Only part of a ReadProcessMemory or WriteProcessMemory request was completed. (0x12B)
[0819/144115.927:ERROR:process_memory_win.cc(73)] ReadMemory at 0x296e045c530 of 64 bytes failed: Only part of a ReadProcessMemory or WriteProcessMemory request was completed. (0x12B)
[0819/144115.927:ERROR:process_memory_win.cc(73)] ReadMemory at 0x296e045c580 of 64 bytes failed: Only part of a ReadProcessMemory or WriteProcessMemory request was completed. (0x12B)
[0819/144115.927:ERROR:process_memory_win.cc(73)] ReadMemory at 0x296e045c710 of 62 bytes failed: Only part of a ReadProcessMemory or WriteProcessMemory request was completed. (0x12B)
[0819/144115.927:ERROR:process_memory_win.cc(73)] ReadMemory at 0x296e045c7b0 of 60 bytes failed: Only part of a ReadProcessMemory or WriteProcessMemory request was completed. (0x12B)
[0819/144115.927:ERROR:process_memory_win.cc(73)] ReadMemory at 0x296e045c8a0 of 64 bytes failed: Only part of a ReadProcessMemory or WriteProcessMemory request was completed. (0x12B)
[0819/144115.927:ERROR:process_memory_win.cc(73)] ReadMemory at 0x296e045c8f0 of 64 bytes failed: Only part of a ReadProcessMemory or WriteProcessMemory request was completed. (0x12B)
[0819/144115.927:ERROR:process_memory_win.cc(73)] ReadMemory at 0x296e045c990 of 64 bytes failed: Only part of a ReadProcessMemory or WriteProcessMemory request was completed. (0x12B)
[0819/144115.928:ERROR:process_memory_win.cc(73)] ReadMemory at 0x296e045c9e0 of 64 bytes failed: Only part of a ReadProcessMemory or WriteProcessMemory request was completed. (0x12B)
[0819/144115.928:ERROR:process_memory_win.cc(73)] ReadMemory at 0x296e045ca30 of 58 bytes failed: Only part of a ReadProcessMemory or WriteProcessMemory request was completed. (0x12B)
[0819/144115.928:ERROR:process_memory_win.cc(73)] ReadMemory at 0x296e045cad0 of 60 bytes failed: Only part of a ReadProcessMemory or WriteProcessMemory request was completed. (0x12B)
[0819/144115.928:ERROR:process_memory_win.cc(73)] ReadMemory at 0x296e045cb20 of 62 bytes failed: Only part of a ReadProcessMemory or WriteProcessMemory request was completed. (0x12B)
[0819/144115.928:ERROR:process_memory_win.cc(73)] ReadMemory at 0x296e045cb70 of 62 bytes failed: Only part of a ReadProcessMemory or WriteProcessMemory request was completed. (0x12B)
[0819/144115.928:ERROR:process_memory_win.cc(73)] ReadMemory at 0x296e045cbc0 of 60 bytes failed: Only part of a ReadProcessMemory or WriteProcessMemory request was completed. (0x12B)
[0819/144115.928:ERROR:process_memory_win.cc(73)] ReadMemory at 0x296e045cc60 of 62 bytes failed: Only part of a ReadProcessMemory or WriteProcessMemory request was completed. (0x12B)
[0819/144115.928:ERROR:process_memory_win.cc(73)] ReadMemory at 0x296e045cd00 of 62 bytes failed: Only part of a ReadProcessMemory or WriteProcessMemory request was completed. (0x12B)
[0819/144115.928:ERROR:process_memory_win.cc(73)] ReadMemory at 0x296e045cd50 of 62 bytes failed: Only part of a ReadProcessMemory or WriteProcessMemory request was completed. (0x12B)
[0819/144115.928:ERROR:process_memory_win.cc(73)] ReadMemory at 0x296e045cda0 of 66 bytes failed: Only part of a ReadProcessMemory or WriteProcessMemory request was completed. (0x12B)
[0819/144115.928:ERROR:process_memory_win.cc(73)] ReadMemory at 0x296e045cdf0 of 62 bytes failed: Only part of a ReadProcessMemory or WriteProcessMemory request was completed. (0x12B)
[0819/144115.928:ERROR:process_memory_win.cc(73)] ReadMemory at 0x296e045ce40 of 62 bytes failed: Only part of a ReadProcessMemory or WriteProcessMemory request was completed. (0x12B)
[0819/144115.928:ERROR:process_memory_win.cc(73)] ReadMemory at 0x296e045d0c0 of 60 bytes failed: Only part of a ReadProcessMemory or WriteProcessMemory request was completed. (0x12B)
[0819/144115.928:ERROR:process_memory_win.cc(73)] ReadMemory at 0x296e045d110 of 62 bytes failed: Only part of a ReadProcessMemory or WriteProcessMemory request was completed. (0x12B)
[0819/144115.928:ERROR:process_memory_win.cc(73)] ReadMemory at 0x296e045d160 of 60 bytes failed: Only part of a ReadProcessMemory or WriteProcessMemory request was completed. (0x12B)
[0819/144115.929:ERROR:process_memory_win.cc(73)] ReadMemory at 0x296e045d1b0 of 62 bytes failed: Only part of a ReadProcessMemory or WriteProcessMemory request was completed. (0x12B)
[0819/144115.929:ERROR:process_memory_win.cc(73)] ReadMemory at 0x296e045d2a0 of 60 bytes failed: Only part of a ReadProcessMemory or WriteProcessMemory request was completed. (0x12B)
[0819/144115.929:ERROR:process_memory_win.cc(73)] ReadMemory at 0x296e045d2f0 of 64 bytes failed: Only part of a ReadProcessMemory or WriteProcessMemory request was completed. (0x12B)
[0819/144115.929:ERROR:process_memory_win.cc(73)] ReadMemory at 0x296e045d340 of 66 bytes failed: Only part of a ReadProcessMemory or WriteProcessMemory request was completed. (0x12B)
[0819/144115.929:ERROR:process_memory_win.cc(73)] ReadMemory at 0x296e045d430 of 64 bytes failed: Only part of a ReadProcessMemory or WriteProcessMemory request was completed. (0x12B)
[0819/144115.929:ERROR:process_memory_win.cc(73)] ReadMemory at 0x296e0462d70 of 132 bytes failed: Only part of a ReadProcessMemory or WriteProcessMemory request was completed. (0x12B)
[0819/144115.929:ERROR:process_memory_win.cc(73)] ReadMemory at 0x296e0462ff0 of 132 bytes failed: Only part of a ReadProcessMemory or WriteProcessMemory request was completed. (0x12B)
[0819/144115.929:ERROR:process_memory_win.cc(73)] ReadMemory at 0x296e0463120 of 132 bytes failed: Only part of a ReadProcessMemory or WriteProcessMemory request was completed. (0x12B)
[0819/144115.929:ERROR:process_memory_win.cc(73)] ReadMemory at 0x296e0463250 of 132 bytes failed: Only part of a ReadProcessMemory or WriteProcessMemory request was completed. (0x12B)
[0819/144115.929:ERROR:process_memory_win.cc(73)] ReadMemory at 0x296e0463380 of 132 bytes failed: Only part of a ReadProcessMemory or WriteProcessMemory request was completed. (0x12B)
[0819/144115.929:ERROR:process_memory_win.cc(73)] ReadMemory at 0x296e04635e0 of 132 bytes failed: Only part of a ReadProcessMemory or WriteProcessMemory request was completed. (0x12B)
[0819/144115.929:ERROR:process_memory_win.cc(73)] ReadMemory at 0x296e0463840 of 132 bytes failed: Only part of a ReadProcessMemory or WriteProcessMemory request was completed. (0x12B)
[0819/144115.929:ERROR:process_memory_win.cc(73)] ReadMemory at 0x296e0463bd0 of 132 bytes failed: Only part of a ReadProcessMemory or WriteProcessMemory request was completed. (0x12B)
[0819/144115.929:ERROR:process_memory_win.cc(73)] ReadMemory at 0x296e0463e30 of 132 bytes failed: Only part of a ReadProcessMemory or WriteProcessMemory request was completed. (0x12B)
[0819/144115.929:ERROR:process_memory_win.cc(73)] ReadMemory at 0x296e0463f60 of 132 bytes failed: Only part of a ReadProcessMemory or WriteProcessMemory request was completed. (0x12B)
[0819/144115.929:ERROR:process_memory_win.cc(73)] ReadMemory at 0x296e0464090 of 132 bytes failed: Only part of a ReadProcessMemory or WriteProcessMemory request was completed. (0x12B)
[0819/144115.930:ERROR:process_memory_win.cc(73)] ReadMemory at 0x296e04641c0 of 132 bytes failed: Only part of a ReadProcessMemory or WriteProcessMemory request was completed. (0x12B)
[0819/144115.930:ERROR:process_memory_win.cc(73)] ReadMemory at 0x296e04642f0 of 132 bytes failed: Only part of a ReadProcessMemory or WriteProcessMemory request was completed. (0x12B)
[0819/144115.930:ERROR:process_memory_win.cc(73)] ReadMemory at 0x296e0464420 of 132 bytes failed: Only part of a ReadProcessMemory or WriteProcessMemory request was completed. (0x12B)
[0819/144115.930:ERROR:process_memory_win.cc(73)] ReadMemory at 0x296e0464550 of 132 bytes failed: Only part of a ReadProcessMemory or WriteProcessMemory request was completed. (0x12B)
[0819/144115.930:ERROR:process_memory_win.cc(73)] ReadMemory at 0x296e0464680 of 132 bytes failed: Only part of a ReadProcessMemory or WriteProcessMemory request was completed. (0x12B)
[0819/144115.930:ERROR:process_memory_win.cc(73)] ReadMemory at 0x296e04647b0 of 132 bytes failed: Only part of a ReadProcessMemory or WriteProcessMemory request was completed. (0x12B)
[0819/144115.930:ERROR:process_memory_win.cc(73)] ReadMemory at 0x296e04648e0 of 132 bytes failed: Only part of a ReadProcessMemory or WriteProcessMemory request was completed. (0x12B)
[0819/144115.930:ERROR:process_memory_win.cc(73)] ReadMemory at 0x296e0464a10 of 132 bytes failed: Only part of a ReadProcessMemory or WriteProcessMemory request was completed. (0x12B)
[0819/144115.930:ERROR:process_memory_win.cc(73)] ReadMemory at 0x296e0464b40 of 132 bytes failed: Only part of a ReadProcessMemory or WriteProcessMemory request was completed. (0x12B)
[0819/144115.930:ERROR:process_memory_win.cc(73)] ReadMemory at 0x296e0464c70 of 132 bytes failed: Only part of a ReadProcessMemory or WriteProcessMemory request was completed. (0x12B)
[0819/144115.930:ERROR:process_memory_win.cc(73)] ReadMemory at 0x296e0464da0 of 132 bytes failed: Only part of a ReadProcessMemory or WriteProcessMemory request was completed. (0x12B)
[0819/144115.930:ERROR:process_memory_win.cc(73)] ReadMemory at 0x296e0466810 of 76 bytes failed: Only part of a ReadProcessMemory or WriteProcessMemory request was completed. (0x12B)
[0819/144115.930:ERROR:process_memory_win.cc(73)] ReadMemory at 0x296e0466ab0 of 80 bytes failed: Only part of a ReadProcessMemory or WriteProcessMemory request was completed. (0x12B)
[0819/144115.931:ERROR:process_memory_win.cc(73)] ReadMemory at 0x296e04860d0 of 60 bytes failed: Only part of a ReadProcessMemory or WriteProcessMemory request was completed. (0x12B)
[0819/144115.931:ERROR:process_memory_win.cc(73)] ReadMemory at 0x296e0486260 of 58 bytes failed: Only part of a ReadProcessMemory or WriteProcessMemory request was completed. (0x12B)
[0819/144115.931:ERROR:process_memory_win.cc(73)] ReadMemory at 0x296e0486580 of 58 bytes failed: Only part of a ReadProcessMemory or WriteProcessMemory request was completed. (0x12B)
[0819/144115.931:ERROR:process_memory_win.cc(73)] ReadMemory at 0x296e0486710 of 62 bytes failed: Only part of a ReadProcessMemory or WriteProcessMemory request was completed. (0x12B)
[0819/144115.931:ERROR:process_memory_win.cc(73)] ReadMemory at 0x296e0486800 of 62 bytes failed: Only part of a ReadProcessMemory or WriteProcessMemory request was completed. (0x12B)
[0819/144115.931:ERROR:process_memory_win.cc(73)] ReadMemory at 0x296e0486850 of 60 bytes failed: Only part of a ReadProcessMemory or WriteProcessMemory request was completed. (0x12B)
[0819/144115.931:ERROR:process_memory_win.cc(73)] ReadMemory at 0x296e04868f0 of 66 bytes failed: Only part of a ReadProcessMemory or WriteProcessMemory request was completed. (0x12B)
[0819/144115.931:ERROR:process_memory_win.cc(73)] ReadMemory at 0x296e0486990 of 62 bytes failed: Only part of a ReadProcessMemory or WriteProcessMemory request was completed. (0x12B)
[0819/144115.931:ERROR:process_memory_win.cc(73)] ReadMemory at 0x296e0486a30 of 58 bytes failed: Only part of a ReadProcessMemory or WriteProcessMemory request was completed. (0x12B)
[0819/144115.931:ERROR:process_memory_win.cc(73)] ReadMemory at 0x296e0486bc0 of 64 bytes failed: Only part of a ReadProcessMemory or WriteProcessMemory request was completed. (0x12B)
[0819/144115.931:ERROR:process_memory_win.cc(73)] ReadMemory at 0x296e0490360 of 512 bytes failed: Only part of a ReadProcessMemory or WriteProcessMemory request was completed. (0x12B)
[0819/144115.931:ERROR:process_memory_win.cc(73)] ReadMemory at 0x296e049c980 of 78 bytes failed: Only part of a ReadProcessMemory or WriteProcessMemory request was completed. (0x12B)
[0819/144115.931:ERROR:process_memory_win.cc(73)] ReadMemory at 0x296e04c6d70 of 512 bytes failed: Only part of a ReadProcessMemory or WriteProcessMemory request was completed. (0x12B)
[0819/144115.931:ERROR:process_memory_win.cc(73)] ReadMemory at 0x296e04c7390 of 712 bytes failed: Only part of a ReadProcessMemory or WriteProcessMemory request was completed. (0x12B)
[0819/144115.932:ERROR:process_memory_win.cc(73)] ReadMemory at 0x296e04ce170 of 512 bytes failed: Only part of a ReadProcessMemory or WriteProcessMemory request was completed. (0x12B)
[0819/144115.932:ERROR:process_memory_win.cc(73)] ReadMemory at 0x296e04d97b0 of 512 bytes failed: Only part of a ReadProcessMemory or WriteProcessMemory request was completed. (0x12B)
[0819/144115.932:ERROR:process_memory_win.cc(73)] ReadMemory at 0x296e0630c40 of 512 bytes failed: Only part of a ReadProcessMemory or WriteProcessMemory request was completed. (0x12B)
[0819/144115.932:ERROR:process_memory_win.cc(73)] ReadMemory at 0x296e2010c00 of 512 bytes failed: Only part of a ReadProcessMemory or WriteProcessMemory request was completed. (0x12B)
[0819/144115.932:ERROR:process_memory_win.cc(73)] ReadMemory at 0x296e20134b0 of 512 bytes failed: Only part of a ReadProcessMemory or WriteProcessMemory request was completed. (0x12B)
[0819/144115.932:ERROR:process_memory_win.cc(73)] ReadMemory at 0x296e20bef60 of 512 bytes failed: Only part of a ReadProcessMemory or WriteProcessMemory request was completed. (0x12B)
[0819/144115.932:ERROR:process_memory_win.cc(73)] ReadMemory at 0x296e20d4e90 of 512 bytes failed: Only part of a ReadProcessMemory or WriteProcessMemory request was completed. (0x12B)
[0819/144115.932:ERROR:process_memory_win.cc(73)] ReadMemory at 0x296e21cc588 of 512 bytes failed: Only part of a ReadProcessMemory or WriteProcessMemory request was completed. (0x12B)
[0819/144115.932:ERROR:process_memory_win.cc(73)] ReadMemory at 0x296e21db798 of 512 bytes failed: Only part of a ReadProcessMemory or WriteProcessMemory request was completed. (0x12B)
[0819/144115.932:ERROR:process_memory_win.cc(73)] ReadMemory at 0x4995fc288dc8 of 512 bytes failed: Only part of a ReadProcessMemory or WriteProcessMemory request was completed. (0x12B)
[0819/144115.932:ERROR:process_memory_win.cc(73)] ReadMemory at 0x7ff8d5d1979c of 512 bytes failed: Only part of a ReadProcessMemory or WriteProcessMemory request was completed. (0x12B)
[0819/144115.932:ERROR:process_memory_win.cc(73)] ReadMemory at 0x7ff8d6cbe6f1 of 512 bytes failed: Only part of a ReadProcessMemory or WriteProcessMemory request was completed. (0x12B)
[0819/144115.932:ERROR:process_memory_win.cc(73)] ReadMemory at 0x7ff8daff9f78 of 512 bytes failed: Only part of a ReadProcessMemory or WriteProcessMemory request was completed. (0x12B)
[0819/144115.932:ERROR:process_memory_win.cc(73)] ReadMemory at 0x7ff96401c6d0 of 512 bytes failed: Only part of a ReadProcessMemory or WriteProcessMemory request was completed. (0x12B)
[0819/144115.932:ERROR:process_memory_win.cc(73)] ReadMemory at 0x7ff96673c074 of 672 bytes failed: Only part of a ReadProcessMemory or WriteProcessMemory request was completed. (0x12B)
[0819/144115.933:ERROR:process_memory_win.cc(73)] ReadMemory at 0x7ff96673c674 of 512 bytes failed: Only part of a ReadProcessMemory or WriteProcessMemory request was completed. (0x12B)
[0819/144115.933:ERROR:process_memory_win.cc(73)] ReadMemory at 0x7ff96673f924 of 608 bytes failed: Only part of a ReadProcessMemory or WriteProcessMemory request was completed. (0x12B)
[0819/144115.933:ERROR:process_memory_win.cc(73)] ReadMemory at 0x7ff9667cc428 of 18 bytes failed: Only part of a ReadProcessMemory or WriteProcessMemory request was completed. (0x12B)
[0819/144115.933:ERROR:process_memory_win.cc(73)] ReadMemory at 0x7ff9667ff4f8 of 40 bytes failed: Only part of a ReadProcessMemory or WriteProcessMemory request was completed. (0x12B)
[0819/144115.933:ERROR:process_memory_win.cc(73)] ReadMemory at 0x7ff9667ff978 of 48 bytes failed: Only part of a ReadProcessMemory or WriteProcessMemory request was completed. (0x12B)
[0819/144115.933:ERROR:process_memory_win.cc(73)] ReadMemory at 0x7ff9668053c0 of 64 bytes failed: Only part of a ReadProcessMemory or WriteProcessMemory request was completed. (0x12B)
[0819/144115.934:ERROR:scoped_process_suspend.cc(40)] NtResumeProcess: An attempt was made to access an exiting process. (0xc000010a)
